# Logfile created on 2012-08-16 08:00:50 -0400 by logger.rb/31641
REQUESTING PAGE: GET http://www.example.com/ with {} and HTTP headers {}
REQUESTING PAGE: GET http://www.example.com/ with {} and HTTP headers {}
REQUESTING PAGE: GET http://www.example.com/ with {} and HTTP headers {}
REQUESTING PAGE: GET http://www.example.com/ with {} and HTTP headers {}
REQUESTING PAGE: GET http://www.example.com/ with {} and HTTP headers {}
REQUESTING PAGE: GET http://www.example.com/ with {} and HTTP headers {}
REQUESTING PAGE: GET /users/new with {} and HTTP headers {"HTTP_REFERER"=>"http://www.example.com/"}
REQUESTING PAGE: GET http://www.example.com/ with {} and HTTP headers {}
REQUESTING PAGE: GET /users/new with {} and HTTP headers {"HTTP_REFERER"=>"http://www.example.com/"}
REQUESTING PAGE: GET http://www.example.com/ with {} and HTTP headers {}
REQUESTING PAGE: GET /users/new with {} and HTTP headers {"HTTP_REFERER"=>"http://www.example.com/"}
REQUESTING PAGE: POST /users with {"utf8"=>"✓", "user"=>{"name"=>"", "email"=>"", "nick_name"=>"", "password"=>"", "password_confirmation"=>""}, "commit"=>"Create User"} and HTTP headers {"HTTP_REFERER"=>"/users/new"}
REQUESTING PAGE: GET /users/new with {} and HTTP headers {}
REQUESTING PAGE: POST /users with {"utf8"=>"✓", "user"=>{"name"=>"Example User", "email"=>"example@example.com", "nick_name"=>"ExampleUser", "password"=>"foobar", "password_confirmation"=>"foobar"}, "commit"=>"Create User"} and HTTP headers {"HTTP_REFERER"=>"/users/new"}
REQUESTING PAGE: GET http://www.example.com/users/1 with {} and HTTP headers {"HTTP_REFERER"=>"/users"}
REQUESTING PAGE: GET http://www.example.com/ with {} and HTTP headers {}
REQUESTING PAGE: GET /users/new with {} and HTTP headers {"HTTP_REFERER"=>"http://www.example.com/"}
REQUESTING PAGE: GET /users/new with {} and HTTP headers {}
REQUESTING PAGE: GET http://www.example.com/ with {} and HTTP headers {}
REQUESTING PAGE: GET /users/new with {} and HTTP headers {"HTTP_REFERER"=>"http://www.example.com/"}
REQUESTING PAGE: POST /users with {"utf8"=>"✓", "user"=>{"name"=>"", "email"=>"", "nick_name"=>"", "password"=>"", "password_confirmation"=>""}, "commit"=>"Create User"} and HTTP headers {"HTTP_REFERER"=>"/users/new"}
REQUESTING PAGE: GET /users/new with {} and HTTP headers {}
REQUESTING PAGE: POST /users with {"utf8"=>"✓", "user"=>{"name"=>"Example User", "email"=>"example@example.com", "nick_name"=>"ExampleUser", "password"=>"foobar", "password_confirmation"=>"foobar"}, "commit"=>"Create User"} and HTTP headers {"HTTP_REFERER"=>"/users/new"}
REQUESTING PAGE: GET http://www.example.com/users/1 with {} and HTTP headers {"HTTP_REFERER"=>"/users"}
REQUESTING PAGE: GET /users/new with {} and HTTP headers {}
REQUESTING PAGE: POST /users with {"utf8"=>"✓", "user"=>{"name"=>"Example User", "email"=>"example@example.com", "nick_name"=>"ExampleUser", "password"=>"foobar", "password_confirmation"=>"foobar"}, "commit"=>"Create User"} and HTTP headers {"HTTP_REFERER"=>"/users/new"}
REQUESTING PAGE: GET http://www.example.com/users/1 with {} and HTTP headers {"HTTP_REFERER"=>"/users"}
REQUESTING PAGE: GET http://www.example.com/ with {} and HTTP headers {}
REQUESTING PAGE: GET /users/new with {} and HTTP headers {"HTTP_REFERER"=>"http://www.example.com/"}
REQUESTING PAGE: POST /users with {"utf8"=>"✓", "user"=>{"name"=>"", "email"=>"", "nick_name"=>"", "password"=>"", "password_confirmation"=>""}, "commit"=>"Create User"} and HTTP headers {"HTTP_REFERER"=>"/users/new"}
REQUESTING PAGE: GET /users/new with {} and HTTP headers {}
REQUESTING PAGE: POST /users with {"utf8"=>"✓", "user"=>{"name"=>"Example User", "email"=>"example@example.com", "nick_name"=>"ExampleUser", "password"=>"foobar", "password_confirmation"=>"foobar"}, "commit"=>"Create User"} and HTTP headers {"HTTP_REFERER"=>"/users/new"}
REQUESTING PAGE: GET http://www.example.com/users/1 with {} and HTTP headers {"HTTP_REFERER"=>"/users"}
REQUESTING PAGE: GET http://www.example.com/ with {} and HTTP headers {}
REQUESTING PAGE: GET /users/new with {} and HTTP headers {"HTTP_REFERER"=>"http://www.example.com/"}
REQUESTING PAGE: POST /users with {"utf8"=>"✓", "user"=>{"name"=>"", "email"=>"", "nick_name"=>"", "password"=>"", "password_confirmation"=>""}, "commit"=>"Create User"} and HTTP headers {"HTTP_REFERER"=>"/users/new"}
REQUESTING PAGE: GET http://www.example.com/ with {} and HTTP headers {}
REQUESTING PAGE: GET /users/new with {} and HTTP headers {"HTTP_REFERER"=>"http://www.example.com/"}
REQUESTING PAGE: POST /users with {"utf8"=>"✓", "user"=>{"name"=>"", "email"=>"", "nick_name"=>"", "password"=>"", "password_confirmation"=>""}, "commit"=>"Create User"} and HTTP headers {"HTTP_REFERER"=>"/users/new"}
REQUESTING PAGE: GET http://www.example.com/ with {} and HTTP headers {}
REQUESTING PAGE: GET /users/new with {} and HTTP headers {"HTTP_REFERER"=>"http://www.example.com/"}
REQUESTING PAGE: POST /users with {"utf8"=>"✓", "user"=>{"name"=>"", "email"=>"", "nick_name"=>"", "password"=>"", "password_confirmation"=>""}, "commit"=>"Create User"} and HTTP headers {"HTTP_REFERER"=>"/users/new"}
REQUESTING PAGE: POST /users with {"utf8"=>"✓", "user"=>{"name"=>"", "email"=>"", "nick_name"=>"", "password"=>"", "password_confirmation"=>""}, "commit"=>"Create User"} and HTTP headers {"HTTP_REFERER"=>"/users"}
REQUESTING PAGE: GET http://www.example.com/ with {} and HTTP headers {}
REQUESTING PAGE: GET /users/new with {} and HTTP headers {"HTTP_REFERER"=>"http://www.example.com/"}
REQUESTING PAGE: POST /users with {"utf8"=>"✓", "user"=>{"name"=>"", "email"=>"", "nick_name"=>"", "password"=>"", "password_confirmation"=>""}, "commit"=>"Create User"} and HTTP headers {"HTTP_REFERER"=>"/users/new"}
REQUESTING PAGE: GET /users/new with {} and HTTP headers {}
REQUESTING PAGE: POST /users with {"utf8"=>"✓", "user"=>{"name"=>"", "email"=>"", "nick_name"=>"", "password"=>"", "password_confirmation"=>""}, "commit"=>"Create User"} and HTTP headers {"HTTP_REFERER"=>"/users/new"}
REQUESTING PAGE: GET /users/new with {} and HTTP headers {}
REQUESTING PAGE: POST /users with {"utf8"=>"✓", "user"=>{"name"=>"Example User", "email"=>"example@example.com", "nick_name"=>"ExampleUser", "password"=>"foobar", "password_confirmation"=>"foobar"}, "commit"=>"Create User"} and HTTP headers {"HTTP_REFERER"=>"/users/new"}
REQUESTING PAGE: GET http://www.example.com/users/1 with {} and HTTP headers {"HTTP_REFERER"=>"/users"}
REQUESTING PAGE: GET /users/new with {} and HTTP headers {}
REQUESTING PAGE: POST /users with {"utf8"=>"✓", "user"=>{"name"=>"", "email"=>"", "nick_name"=>"", "password"=>"", "password_confirmation"=>""}, "commit"=>"Create User"} and HTTP headers {"HTTP_REFERER"=>"/users/new"}
REQUESTING PAGE: GET /users/new with {} and HTTP headers {}
REQUESTING PAGE: POST /users with {"utf8"=>"✓", "user"=>{"name"=>"Example User", "email"=>"example@example.com", "nick_name"=>"ExampleUser", "password"=>"foobar", "password_confirmation"=>"foobar"}, "commit"=>"Create User"} and HTTP headers {"HTTP_REFERER"=>"/users/new"}
REQUESTING PAGE: GET http://www.example.com/users/1 with {} and HTTP headers {"HTTP_REFERER"=>"/users"}
REQUESTING PAGE: GET /users/new with {} and HTTP headers {}
REQUESTING PAGE: POST /users with {"utf8"=>"✓", "user"=>{"name"=>"Example User", "email"=>"example@example.com", "nick_name"=>"ExampleUser", "password"=>"foobar", "password_confirmation"=>"foobar"}, "commit"=>"Create User"} and HTTP headers {"HTTP_REFERER"=>"/users/new"}
REQUESTING PAGE: GET http://www.example.com/users/1 with {} and HTTP headers {"HTTP_REFERER"=>"/users"}
REQUESTING PAGE: GET /login with {} and HTTP headers {}
REQUESTING PAGE: GET /login with {} and HTTP headers {}
REQUESTING PAGE: GET /login with {} and HTTP headers {}
REQUESTING PAGE: POST /login with {"utf8"=>"✓", "email"=>"csahlman@gmail.com", "password"=>"foobar", "commit"=>"Login"} and HTTP headers {"HTTP_REFERER"=>"/login"}
REQUESTING PAGE: GET http://www.example.com/ with {} and HTTP headers {"HTTP_REFERER"=>"/login"}
REQUESTING PAGE: GET /login with {} and HTTP headers {}
REQUESTING PAGE: POST /login with {"utf8"=>"✓", "email"=>"csahlman@gmail.com", "password"=>"foobar", "commit"=>"Login"} and HTTP headers {"HTTP_REFERER"=>"/login"}
REQUESTING PAGE: GET http://www.example.com/ with {} and HTTP headers {"HTTP_REFERER"=>"/login"}
REQUESTING PAGE: GET /login with {} and HTTP headers {}
REQUESTING PAGE: GET /login with {} and HTTP headers {}
REQUESTING PAGE: GET /login with {} and HTTP headers {}
REQUESTING PAGE: GET /login with {} and HTTP headers {}
REQUESTING PAGE: GET /login with {} and HTTP headers {}
REQUESTING PAGE: POST /login with {"utf8"=>"✓", "email"=>"csahlman@gmail.com", "password"=>"foobar", "commit"=>"Login"} and HTTP headers {"HTTP_REFERER"=>"/login"}
REQUESTING PAGE: GET http://www.example.com/ with {} and HTTP headers {"HTTP_REFERER"=>"/login"}
REQUESTING PAGE: GET http://www.example.com/ with {} and HTTP headers {}
REQUESTING PAGE: GET /users/new with {} and HTTP headers {"HTTP_REFERER"=>"http://www.example.com/"}
REQUESTING PAGE: POST /users with {"utf8"=>"✓", "user"=>{"name"=>"", "email"=>"", "nick_name"=>"", "password"=>"", "password_confirmation"=>""}, "commit"=>"Create User"} and HTTP headers {"HTTP_REFERER"=>"/users/new"}
REQUESTING PAGE: GET /users/new with {} and HTTP headers {}
REQUESTING PAGE: POST /users with {"utf8"=>"✓", "user"=>{"name"=>"", "email"=>"", "nick_name"=>"", "password"=>"", "password_confirmation"=>""}, "commit"=>"Create User"} and HTTP headers {"HTTP_REFERER"=>"/users/new"}
REQUESTING PAGE: GET /users/new with {} and HTTP headers {}
REQUESTING PAGE: POST /users with {"utf8"=>"✓", "user"=>{"name"=>"Example User", "email"=>"example@example.com", "nick_name"=>"ExampleUser", "password"=>"foobar", "password_confirmation"=>"foobar"}, "commit"=>"Create User"} and HTTP headers {"HTTP_REFERER"=>"/users/new"}
REQUESTING PAGE: GET http://www.example.com/users/1 with {} and HTTP headers {"HTTP_REFERER"=>"/users"}
REQUESTING PAGE: GET /users/new with {} and HTTP headers {}
REQUESTING PAGE: POST /users with {"utf8"=>"✓", "user"=>{"name"=>"Example User", "email"=>"example@example.com", "nick_name"=>"ExampleUser", "password"=>"foobar", "password_confirmation"=>"foobar"}, "commit"=>"Create User"} and HTTP headers {"HTTP_REFERER"=>"/users/new"}
REQUESTING PAGE: GET http://www.example.com/users/1 with {} and HTTP headers {"HTTP_REFERER"=>"/users"}
REQUESTING PAGE: GET /login with {} and HTTP headers {}
REQUESTING PAGE: POST /login with {"utf8"=>"✓", "email"=>"", "password"=>"", "commit"=>"Login"} and HTTP headers {"HTTP_REFERER"=>"/login"}
REQUESTING PAGE: GET /login with {} and HTTP headers {}
REQUESTING PAGE: POST /login with {"utf8"=>"✓", "email"=>"csahlman@gmail.com", "password"=>"foobar", "commit"=>"Login"} and HTTP headers {"HTTP_REFERER"=>"/login"}
REQUESTING PAGE: GET http://www.example.com/ with {} and HTTP headers {"HTTP_REFERER"=>"/login"}
REQUESTING PAGE: GET /login with {} and HTTP headers {}
REQUESTING PAGE: POST /login with {"utf8"=>"✓", "email"=>"csahlman@gmail.com", "password"=>"foobar", "commit"=>"Login"} and HTTP headers {"HTTP_REFERER"=>"/login"}
REQUESTING PAGE: GET http://www.example.com/ with {} and HTTP headers {"HTTP_REFERER"=>"/login"}
REQUESTING PAGE: GET /login with {} and HTTP headers {}
REQUESTING PAGE: POST /login with {"utf8"=>"✓", "email"=>"csahlman@gmail.com", "password"=>"foobar", "commit"=>"Login"} and HTTP headers {"HTTP_REFERER"=>"/login"}
REQUESTING PAGE: GET http://www.example.com/ with {} and HTTP headers {"HTTP_REFERER"=>"/login"}
REQUESTING PAGE: GET /login with {} and HTTP headers {}
REQUESTING PAGE: POST /login with {"utf8"=>"✓", "email"=>"csahlman@gmail.com", "password"=>"foobar", "commit"=>"Login"} and HTTP headers {"HTTP_REFERER"=>"/login"}
REQUESTING PAGE: GET http://www.example.com/ with {} and HTTP headers {"HTTP_REFERER"=>"/login"}
